0 info it worked if it ends with ok
1 verbose cli [ '/usr/local/Cellar/node/6.2.2/bin/node',
1 verbose cli   '/usr/local/bin/npm',
1 verbose cli   'run',
1 verbose cli   'watch' ]
2 info using npm@4.0.3
3 info using node@v6.2.2
4 verbose run-script [ 'prewatch', 'watch', 'postwatch' ]
5 info lifecycle api_app@~prewatch: api_app@
6 silly lifecycle api_app@~prewatch: no script for prewatch, continuing
7 info lifecycle api_app@~watch: api_app@
8 verbose lifecycle api_app@~watch: unsafe-perm in lifecycle true
9 verbose lifecycle api_app@~watch: PATH: /usr/local/lib/node_modules/npm/bin/node-gyp-bin:/Users/jbvilain/workspace/code/api_app/node_modules/.bin:/Users/jbvilain/.rbenv/shims:/usr/local/bin:/usr/bin:/bin:/usr/sbin:/sbin:/Users/jbvilain/workspace/code/android-sdk-macosx/tools:/Users/jbvilain/workspace/code/android-sdk-macosx/platform-tools:/Library/Frameworks/GDAL.framework/Programs
10 verbose lifecycle api_app@~watch: CWD: /Users/jbvilain/workspace/code/api_app
11 silly lifecycle api_app@~watch: Args: [ '-c', 'ionic-app-scripts watch' ]
12 silly lifecycle api_app@~watch: Returned: code: 1  signal: null
13 info lifecycle api_app@~watch: Failed to exec watch script
14 verbose stack Error: api_app@ watch: `ionic-app-scripts watch`
14 verbose stack Exit status 1
14 verbose stack     at EventEmitter.<anonymous> (/usr/local/lib/node_modules/npm/lib/utils/lifecycle.js:279:16)
14 verbose stack     at emitTwo (events.js:106:13)
14 verbose stack     at EventEmitter.emit (events.js:191:7)
14 verbose stack     at ChildProcess.<anonymous> (/usr/local/lib/node_modules/npm/lib/utils/spawn.js:40:14)
14 verbose stack     at emitTwo (events.js:106:13)
14 verbose stack     at ChildProcess.emit (events.js:191:7)
14 verbose stack     at maybeClose (internal/child_process.js:852:16)
14 verbose stack     at Process.ChildProcess._handle.onexit (internal/child_process.js:215:5)
15 verbose pkgid api_app@
16 verbose cwd /Users/jbvilain/workspace/code/api_app
17 error Darwin 16.3.0
18 error argv "/usr/local/Cellar/node/6.2.2/bin/node" "/usr/local/bin/npm" "run" "watch"
19 error node v6.2.2
20 error npm  v4.0.3
21 error code ELIFECYCLE
22 error api_app@ watch: `ionic-app-scripts watch`
22 error Exit status 1
23 error Failed at the api_app@ watch script 'ionic-app-scripts watch'.
23 error Make sure you have the latest version of node.js and npm installed.
23 error If you do, this is most likely a problem with the api_app package,
23 error not with npm itself.
23 error Tell the author that this fails on your system:
23 error     ionic-app-scripts watch
23 error You can get information on how to open an issue for this project with:
23 error     npm bugs api_app
23 error Or if that isn't available, you can get their info via:
23 error     npm owner ls api_app
23 error There is likely additional logging output above.
24 verbose exit [ 1, true ]
